<?xml version="1.0" encoding="UTF-8"?>
<!-- Generated by org.testng.reporters.JUnitReportReporter -->
<testsuite hostname="UDI-D5MNN33" failures="0" tests="1" name="testCases.LoginTest" time="3.085" errors="0" timestamp="26 nov 2021 13:03:49 GMT" skipped="0">
  <testcase classname="testCases.LoginTest" name="loginAsBankManager" time="3.085"/>
</testsuite> <!-- testCases.LoginTest -->
