<?xml version="1.0" encoding="UTF-8"?>
<!-- Generated by org.testng.reporters.JUnitReportReporter -->
<testsuite hostname="UDI-D5MNN33" failures="0" tests="1" name="testCases.LoginTest" time="0.832" errors="0" timestamp="28 nov 2021 12:34:59 GMT" skipped="0">
  <testcase classname="testCases.LoginTest" name="loginAsBankManager" time="0.832"/>
</testsuite> <!-- testCases.LoginTest -->
