<?xml version="1.0" encoding="UTF-8"?>
<!-- Generated by org.testng.reporters.JUnitReportReporter -->
<testsuite hostname="UDI-D5MNN33" failures="0" tests="1" name="testCases.LoginTest" time="0.519" errors="0" timestamp="2021-11-29T23:03:46 BRT" skipped="0">
  <testcase classname="testCases.LoginTest" name="loginAsBankManager" time="0.519"/>
  <system-out/>
</testsuite> <!-- testCases.LoginTest -->
